<?xml version="1.0" encoding="UTF-8"?>
<!-- Generated by org.testng.reporters.JUnitXMLReporter -->
<testsuite hostname="DESKTOP-LF07CG5" name="UNO.EDU" tests="3" failures="0" timestamp="26 Apr 2017 18:06:16 GMT" time="156.952" errors="0">
  <testcase name="verifyCreateAccountFunctionality" time="104.279" classname="com.pack.Tests.CreateAccountTest"/>
  <testcase name="verificationOfNavigationTabInAcademicCalendar" time="7.564" classname="com.pack.Tests.DashBoard_AcademicCalendarTest"/>
  <testcase name="verifyClickOnDownloadPdf" time="2.021" classname="com.pack.Tests.DashBoard_AcademicCalendarTest"/>
</testsuite> <!-- UNO.EDU -->
