<?xml version="1.0" encoding="UTF-8"?>
<testng-results skipped="0" failed="0" total="1" passed="1">
  <reporter-output>
  </reporter-output>
  <suite name="Default suite" duration-ms="83381" started-at="2017-05-02T17:57:22Z" finished-at="2017-05-02T17:58:45Z">
    <groups>
    </groups>
    <test name="Default test" duration-ms="83381" started-at="2017-05-02T17:57:22Z" finished-at="2017-05-02T17:58:45Z">
      <class name="com.pack.Tests.LoginTest">
        <test-method status="PASS" signature="initializeTestBaseSetup()[pri:0, instance:com.pack.Tests.LoginTest@49993335]" name="initializeTestBaseSetup" is-config="true" duration-ms="21373" started-at="2017-05-02T23:27:22Z" finished-at="2017-05-02T23:27:43Z">
          <reporter-output>
          </reporter-output>
        </test-method> <!-- initializeTestBaseSetup -->
        <test-method status="PASS" signature="creationObjects()[pri:0, instance:com.pack.Tests.LoginTest@49993335]" name="creationObjects" is-config="true" duration-ms="12718" started-at="2017-05-02T23:27:43Z" finished-at="2017-05-02T23:27:56Z">
          <reporter-output>
          </reporter-output>
        </test-method> <!-- creationObjects -->
        <test-method status="PASS" signature="verifyLoginFunctionality()[pri:0, instance:com.pack.Tests.LoginTest@49993335]" name="verifyLoginFunctionality" duration-ms="48002" started-at="2017-05-02T23:27:56Z" finished-at="2017-05-02T23:28:44Z">
          <reporter-output>
          </reporter-output>
        </test-method> <!-- verifyLoginFunctionality -->
        <test-method status="PASS" signature="quitBrowser()[pri:0, instance:com.pack.Tests.LoginTest@49993335]" name="quitBrowser" is-config="true" duration-ms="0" started-at="2017-05-02T23:28:44Z" finished-at="2017-05-02T23:28:44Z">
          <reporter-output>
          </reporter-output>
        </test-method> <!-- quitBrowser -->
        <test-method status="PASS" signature="tearDown()[pri:0, instance:com.pack.Tests.LoginTest@49993335]" name="tearDown" is-config="true" duration-ms="1272" started-at="2017-05-02T23:28:44Z" finished-at="2017-05-02T23:28:45Z">
          <reporter-output>
          </reporter-output>
        </test-method> <!-- tearDown -->
      </class> <!-- com.pack.Tests.LoginTest -->
    </test> <!-- Default test -->
  </suite> <!-- Default suite -->
</testng-results>
